2026-06-01T14:15:42.078+05:30  INFO 12721 --- [order-service] [main] com.ecommerce.order.OrderApplication     : Starting OrderApplication using Java 21.0.9 with PID 12721 (/Users/ajha/Desktop/E-Comm Microservice/order/target/classes started by ajha in /Users/ajha/Desktop/E-Comm Microservice)
2026-06-01T14:15:42.079+05:30  INFO 12721 --- [order-service] [main] com.ecommerce.order.OrderApplication     : No active profile set, falling back to 1 default profile: "default"
2026-06-01T14:15:42.090+05:30  INFO 12721 --- [order-service] [main] o.s.c.c.c.ConfigServerConfigDataLoader   : Fetching config from server at : http://localhost:8888
2026-06-01T14:15:42.090+05:30  INFO 12721 --- [order-service] [main] o.s.c.c.c.ConfigServerConfigDataLoader   : Located environment: name=order-service, profiles=[default], label=null, version=null, state=null
2026-06-01T14:15:42.442+05:30  INFO 12721 --- [order-service] [main] .s.d.r.c.RepositoryConfigurationDelegate : Bootstrapping Spring Data JPA repositories in DEFAULT mode.
2026-06-01T14:15:42.490+05:30  INFO 12721 --- [order-service] [main] .s.d.r.c.RepositoryConfigurationDelegate : Finished Spring Data repository scanning in 45 ms. Found 2 JPA repository interfaces.
2026-06-01T14:15:42.549+05:30  INFO 12721 --- [order-service] [main] faultConfiguringBeanFactoryPostProcessor : No bean named 'errorChannel' has been explicitly defined. Therefore, a default PublishSubscribeChannel will be created.
2026-06-01T14:15:42.551+05:30  INFO 12721 --- [order-service] [main] faultConfiguringBeanFactoryPostProcessor : No bean named 'integrationHeaderChannelRegistry' has been explicitly defined. Therefore, a default DefaultHeaderChannelRegistry will be created.
2026-06-01T14:15:42.596+05:30  INFO 12721 --- [order-service] [main] o.s.cloud.context.scope.GenericScope     : BeanFactory id=9e8fe1a2-8f2d-3ec5-9310-6d5c1ef406e6
2026-06-01T14:15:42.765+05:30  INFO 12721 --- [order-service] [main] o.s.b.w.embedded.tomcat.TomcatWebServer  : Tomcat initialized with port 8083 (http)
2026-06-01T14:15:42.769+05:30  INFO 12721 --- [order-service] [main] o.apache.catalina.core.StandardService   : Starting service [Tomcat]
2026-06-01T14:15:42.770+05:30  INFO 12721 --- [order-service] [main] o.apache.catalina.core.StandardEngine    : Starting Servlet engine: [Apache Tomcat/10.1.41]
2026-06-01T14:15:42.790+05:30  INFO 12721 --- [order-service] [main] o.a.c.c.C.[Tomcat].[localhost].[/]       : Initializing Spring embedded WebApplicationContext
2026-06-01T14:15:42.790+05:30  INFO 12721 --- [order-service] [main] w.s.c.ServletWebServerApplicationContext : Root WebApplicationContext: initialization completed in 700 ms
2026-06-01T14:15:42.900+05:30  INFO 12721 --- [order-service] [main] o.hibernate.jpa.internal.util.LogHelper  : HHH000204: Processing PersistenceUnitInfo [name: default]
2026-06-01T14:15:42.920+05:30  INFO 12721 --- [order-service] [main] org.hibernate.Version                    : HHH000412: Hibernate ORM core version 6.6.15.Final
2026-06-01T14:15:42.931+05:30  INFO 12721 --- [order-service] [main] o.h.c.internal.RegionFactoryInitiator    : HHH000026: Second-level cache disabled
2026-06-01T14:15:43.021+05:30  INFO 12721 --- [order-service] [main] o.s.o.j.p.SpringPersistenceUnitInfo      : No LoadTimeWeaver setup: ignoring JPA class transformer
2026-06-01T14:15:43.031+05:30  INFO 12721 --- [order-service] [main] com.zaxxer.hikari.HikariDataSource       : HikariPool-1 - Starting...
2026-06-01T14:15:43.102+05:30  INFO 12721 --- [order-service] [main] com.zaxxer.hikari.pool.HikariPool        : HikariPool-1 - Added connection org.postgresql.jdbc.PgConnection@57283fac
2026-06-01T14:15:43.103+05:30  INFO 12721 --- [order-service] [main] com.zaxxer.hikari.HikariDataSource       : HikariPool-1 - Start completed.
2026-06-01T14:15:43.121+05:30  WARN 12721 --- [order-service] [main] org.hibernate.orm.deprecation            : HHH90000025: PostgreSQLDialect does not need to be specified explicitly using 'hibernate.dialect' (remove the property setting and it will be selected by default)
2026-06-01T14:15:43.127+05:30  INFO 12721 --- [order-service] [main] org.hibernate.orm.connections.pooling    : HHH10001005: Database info:
	Database JDBC URL [Connecting through datasource 'HikariDataSource (HikariPool-1)']
	Database driver: undefined/unknown
	Database version: 14.23
	Autocommit mode: undefined/unknown
	Isolation level: undefined/unknown
	Minimum pool size: undefined/unknown
	Maximum pool size: undefined/unknown
2026-06-01T14:15:43.457+05:30  INFO 12721 --- [order-service] [main] o.h.e.t.j.p.i.JtaPlatformInitiator       : HHH000489: No JTA platform available (set 'hibernate.transaction.jta.platform' to enable JTA platform integration)
2026-06-01T14:15:43.521+05:30  INFO 12721 --- [order-service] [main] j.LocalContainerEntityManagerFactoryBean : Initialized JPA EntityManagerFactory for persistence unit 'default'
2026-06-01T14:15:43.726+05:30  WARN 12721 --- [order-service] [main] JpaBaseConfiguration$JpaWebConfiguration : spring.jpa.open-in-view is enabled by default. Therefore, database queries may be performed during view rendering. Explicitly configure spring.jpa.open-in-view to disable this warning
2026-06-01T14:15:43.978+05:30  INFO 12721 --- [order-service] [main] o.s.c.s.m.DirectWithAttributesChannel    : Channel 'order-service.springCloudBusInput' has 1 subscriber(s).
2026-06-01T14:15:44.038+05:30  INFO 12721 --- [order-service] [main] DiscoveryClientOptionalArgsConfiguration : Eureka HTTP Client uses RestTemplate.
2026-06-01T14:15:44.050+05:30  WARN 12721 --- [order-service] [main] iguration$LoadBalancerCaffeineWarnLogger : Spring Cloud LoadBalancer is currently working with the default cache. While this cache implementation is useful for development and tests, it's recommended to use Caffeine cache in production.You can switch to using Caffeine cache, by adding it and org.springframework.cache.caffeine.CaffeineCacheManager to the classpath.
2026-06-01T14:15:44.053+05:30  INFO 12721 --- [order-service] [main] o.s.b.a.e.web.EndpointLinksResolver      : Exposing 25 endpoints beneath base path '/actuator'
2026-06-01T14:15:44.089+05:30  INFO 12721 --- [order-service] [main] o.s.i.endpoint.EventDrivenConsumer       : Adding {logging-channel-adapter:_org.springframework.integration.errorLogger} as a subscriber to the 'errorChannel' channel
2026-06-01T14:15:44.089+05:30  INFO 12721 --- [order-service] [main] o.s.i.channel.PublishSubscribeChannel    : Channel 'order-service.errorChannel' has 1 subscriber(s).
2026-06-01T14:15:44.089+05:30  INFO 12721 --- [order-service] [main] o.s.i.endpoint.EventDrivenConsumer       : started bean '_org.springframework.integration.errorLogger'
2026-06-01T14:15:44.107+05:30  INFO 12721 --- [order-service] [main] o.s.c.n.eureka.InstanceInfoFactory       : Setting initial instance status as: STARTING
2026-06-01T14:15:44.114+05:30  INFO 12721 --- [order-service] [main] com.netflix.discovery.DiscoveryClient    : Initializing Eureka in region us-east-1
2026-06-01T14:15:44.115+05:30  INFO 12721 --- [order-service] [main] c.n.d.s.r.aws.ConfigClusterResolver      : Resolving eureka endpoints via configuration
2026-06-01T14:15:44.117+05:30  INFO 12721 --- [order-service] [main] com.netflix.discovery.DiscoveryClient    : Disable delta property : false
2026-06-01T14:15:44.117+05:30  INFO 12721 --- [order-service] [main] com.netflix.discovery.DiscoveryClient    : Single vip registry refresh property : null
2026-06-01T14:15:44.117+05:30  INFO 12721 --- [order-service] [main] com.netflix.discovery.DiscoveryClient    : Force full registry fetch : false
2026-06-01T14:15:44.117+05:30  INFO 12721 --- [order-service] [main] com.netflix.discovery.DiscoveryClient    : Application is null : false
2026-06-01T14:15:44.117+05:30  INFO 12721 --- [order-service] [main] com.netflix.discovery.DiscoveryClient    : Registered Applications size is zero : true
2026-06-01T14:15:44.118+05:30  INFO 12721 --- [order-service] [main] com.netflix.discovery.DiscoveryClient    : Application version is -1: true
2026-06-01T14:15:44.118+05:30  INFO 12721 --- [order-service] [main] com.netflix.discovery.DiscoveryClient    : Getting all instance registry info from the eureka server
2026-06-01T14:15:44.163+05:30  INFO 12721 --- [order-service] [main] com.netflix.discovery.DiscoveryClient    : The response status is 200
2026-06-01T14:15:44.163+05:30  INFO 12721 --- [order-service] [main] com.netflix.discovery.DiscoveryClient    : Starting heartbeat executor: renew interval is: 30
2026-06-01T14:15:44.164+05:30  INFO 12721 --- [order-service] [main] c.n.discovery.InstanceInfoReplicator     : InstanceInfoReplicator onDemand update allowed rate per min is 4
2026-06-01T14:15:44.164+05:30  INFO 12721 --- [order-service] [main] com.netflix.discovery.DiscoveryClient    : Discovery Client initialized at timestamp 1780303544164 with initial instances count: 1
2026-06-01T14:15:44.166+05:30  INFO 12721 --- [order-service] [main] o.s.c.n.e.s.EurekaServiceRegistry        : Registering application ORDER-SERVICE with eureka with status UP
2026-06-01T14:15:44.166+05:30  INFO 12721 --- [order-service] [main] com.netflix.discovery.DiscoveryClient    : Saw local status change event StatusChangeEvent [timestamp=1780303544166, current=UP, previous=STARTING]
2026-06-01T14:15:44.166+05:30  INFO 12721 --- [order-service] [DiscoveryClient-InstanceInfoReplicator-%d] com.netflix.discovery.DiscoveryClient    : DiscoveryClient_ORDER-SERVICE/192.168.1.11:order-service:8083: registering service...
2026-06-01T14:15:44.167+05:30  INFO 12721 --- [order-service] [main] o.s.c.s.binder.DefaultBinderFactory      : Creating binder: rabbit
2026-06-01T14:15:44.167+05:30  INFO 12721 --- [order-service] [main] o.s.c.s.binder.DefaultBinderFactory      : Constructing binder child context for rabbit
2026-06-01T14:15:44.180+05:30  INFO 12721 --- [order-service] [DiscoveryClient-InstanceInfoReplicator-%d] com.netflix.discovery.DiscoveryClient    : DiscoveryClient_ORDER-SERVICE/192.168.1.11:order-service:8083 - registration status: 204
2026-06-01T14:15:44.202+05:30  INFO 12721 --- [order-service] [main] o.s.c.s.binder.DefaultBinderFactory      : Caching the binder: rabbit
2026-06-01T14:15:44.225+05:30  INFO 12721 --- [order-service] [main] c.s.b.r.p.RabbitExchangeQueueProvisioner : declaring queue for inbound: springCloudBus.anonymous.ei3xCAf9QauT83HW8IvIiA, bound to: springCloudBus
2026-06-01T14:15:44.227+05:30  INFO 12721 --- [order-service] [main] o.s.a.r.c.CachingConnectionFactory       : Attempting to connect to: [localhost:5672]
2026-06-01T14:15:44.247+05:30  INFO 12721 --- [order-service] [main] o.s.a.r.c.CachingConnectionFactory       : Created new connection: rabbitConnectionFactory#665f19d:0/SimpleConnection@170df9b8 [delegate=amqp://guest@127.0.0.1:5672/, localPort=49256]
2026-06-01T14:15:44.273+05:30  INFO 12721 --- [order-service] [main] o.s.c.stream.binder.BinderErrorChannel   : Channel 'rabbit-1871196571.springCloudBusInput.errors' has 1 subscriber(s).
2026-06-01T14:15:44.274+05:30  INFO 12721 --- [order-service] [main] o.s.c.stream.binder.BinderErrorChannel   : Channel 'rabbit-1871196571.springCloudBusInput.errors' has 2 subscriber(s).
2026-06-01T14:15:44.282+05:30  INFO 12721 --- [order-service] [main] o.s.i.a.i.AmqpInboundChannelAdapter      : started bean 'inbound.springCloudBus.anonymous.ei3xCAf9QauT83HW8IvIiA'
2026-06-01T14:15:44.288+05:30  INFO 12721 --- [order-service] [main] o.s.b.w.embedded.tomcat.TomcatWebServer  : Tomcat started on port 8083 (http) with context path '/'
2026-06-01T14:15:44.289+05:30  INFO 12721 --- [order-service] [main] .s.c.n.e.s.EurekaAutoServiceRegistration : Updating port to 8083
2026-06-01T14:15:44.312+05:30  INFO 12721 --- [order-service] [main] com.ecommerce.order.OrderApplication     : Started OrderApplication in 2.568 seconds (process running for 2.817)
