2026-06-02T17:24:52.742+05:30  INFO 10441 --- [product-service] [main] c.ecommerce.product.ProductApplication   : Starting ProductApplication using Java 21.0.9 with PID 10441 (/Users/ajha/Desktop/E-Comm Microservice/product/target/classes started by ajha in /Users/ajha/Desktop/E-Comm Microservice)
2026-06-02T17:24:52.745+05:30  INFO 10441 --- [product-service] [main] c.ecommerce.product.ProductApplication   : No active profile set, falling back to 1 default profile: "default"
2026-06-02T17:24:52.758+05:30  INFO 10441 --- [product-service] [main] o.s.c.c.c.ConfigServerConfigDataLoader   : Fetching config from server at : http://localhost:8888
2026-06-02T17:24:52.758+05:30  INFO 10441 --- [product-service] [main] o.s.c.c.c.ConfigServerConfigDataLoader   : Located environment: name=product-service, profiles=[default], label=null, version=null, state=null
2026-06-02T17:24:53.158+05:30  INFO 10441 --- [product-service] [main] .s.d.r.c.RepositoryConfigurationDelegate : Bootstrapping Spring Data JPA repositories in DEFAULT mode.
2026-06-02T17:24:53.215+05:30  INFO 10441 --- [product-service] [main] .s.d.r.c.RepositoryConfigurationDelegate : Finished Spring Data repository scanning in 52 ms. Found 1 JPA repository interface.
2026-06-02T17:24:53.296+05:30  INFO 10441 --- [product-service] [main] faultConfiguringBeanFactoryPostProcessor : No bean named 'errorChannel' has been explicitly defined. Therefore, a default PublishSubscribeChannel will be created.
2026-06-02T17:24:53.298+05:30  INFO 10441 --- [product-service] [main] faultConfiguringBeanFactoryPostProcessor : No bean named 'integrationHeaderChannelRegistry' has been explicitly defined. Therefore, a default DefaultHeaderChannelRegistry will be created.
2026-06-02T17:24:53.333+05:30  INFO 10441 --- [product-service] [main] o.s.cloud.context.scope.GenericScope     : BeanFactory id=6766a1f9-7a1f-3422-ade8-51c2b4177421
2026-06-02T17:24:53.508+05:30  INFO 10441 --- [product-service] [main] o.s.b.w.embedded.tomcat.TomcatWebServer  : Tomcat initialized with port 8081 (http)
2026-06-02T17:24:53.513+05:30  INFO 10441 --- [product-service] [main] o.apache.catalina.core.StandardService   : Starting service [Tomcat]
2026-06-02T17:24:53.513+05:30  INFO 10441 --- [product-service] [main] o.apache.catalina.core.StandardEngine    : Starting Servlet engine: [Apache Tomcat/10.1.41]
2026-06-02T17:24:53.536+05:30  INFO 10441 --- [product-service] [main] o.a.c.c.C.[Tomcat].[localhost].[/]       : Initializing Spring embedded WebApplicationContext
2026-06-02T17:24:53.536+05:30  INFO 10441 --- [product-service] [main] w.s.c.ServletWebServerApplicationContext : Root WebApplicationContext: initialization completed in 777 ms
2026-06-02T17:24:53.657+05:30  INFO 10441 --- [product-service] [main] o.hibernate.jpa.internal.util.LogHelper  : HHH000204: Processing PersistenceUnitInfo [name: default]
2026-06-02T17:24:53.677+05:30  INFO 10441 --- [product-service] [main] org.hibernate.Version                    : HHH000412: Hibernate ORM core version 6.6.15.Final
2026-06-02T17:24:53.688+05:30  INFO 10441 --- [product-service] [main] o.h.c.internal.RegionFactoryInitiator    : HHH000026: Second-level cache disabled
2026-06-02T17:24:53.781+05:30  INFO 10441 --- [product-service] [main] o.s.o.j.p.SpringPersistenceUnitInfo      : No LoadTimeWeaver setup: ignoring JPA class transformer
2026-06-02T17:24:53.791+05:30  INFO 10441 --- [product-service] [main] com.zaxxer.hikari.HikariDataSource       : HikariPool-1 - Starting...
2026-06-02T17:24:53.893+05:30  INFO 10441 --- [product-service] [main] com.zaxxer.hikari.pool.HikariPool        : HikariPool-1 - Added connection org.postgresql.jdbc.PgConnection@3881b884
2026-06-02T17:24:53.893+05:30  INFO 10441 --- [product-service] [main] com.zaxxer.hikari.HikariDataSource       : HikariPool-1 - Start completed.
2026-06-02T17:24:53.916+05:30  WARN 10441 --- [product-service] [main] org.hibernate.orm.deprecation            : HHH90000025: PostgreSQLDialect does not need to be specified explicitly using 'hibernate.dialect' (remove the property setting and it will be selected by default)
2026-06-02T17:24:53.923+05:30  INFO 10441 --- [product-service] [main] org.hibernate.orm.connections.pooling    : HHH10001005: Database info:
	Database JDBC URL [Connecting through datasource 'HikariDataSource (HikariPool-1)']
	Database driver: undefined/unknown
	Database version: 14.23
	Autocommit mode: undefined/unknown
	Isolation level: undefined/unknown
	Minimum pool size: undefined/unknown
	Maximum pool size: undefined/unknown
2026-06-02T17:24:54.233+05:30  INFO 10441 --- [product-service] [main] o.h.e.t.j.p.i.JtaPlatformInitiator       : HHH000489: No JTA platform available (set 'hibernate.transaction.jta.platform' to enable JTA platform integration)
2026-06-02T17:24:54.266+05:30  INFO 10441 --- [product-service] [main] j.LocalContainerEntityManagerFactoryBean : Initialized JPA EntityManagerFactory for persistence unit 'default'
2026-06-02T17:24:54.351+05:30  INFO 10441 --- [product-service] [main] o.s.d.j.r.query.QueryEnhancerFactory     : Hibernate is in classpath; If applicable, HQL parser will be used.
2026-06-02T17:24:55.037+05:30  WARN 10441 --- [product-service] [main] JpaBaseConfiguration$JpaWebConfiguration : spring.jpa.open-in-view is enabled by default. Therefore, database queries may be performed during view rendering. Explicitly configure spring.jpa.open-in-view to disable this warning
2026-06-02T17:24:55.357+05:30  INFO 10441 --- [product-service] [main] o.s.c.s.m.DirectWithAttributesChannel    : Channel 'product-service.springCloudBusInput' has 1 subscriber(s).
2026-06-02T17:24:55.425+05:30  INFO 10441 --- [product-service] [main] DiscoveryClientOptionalArgsConfiguration : Eureka HTTP Client uses RestTemplate.
2026-06-02T17:24:55.441+05:30  WARN 10441 --- [product-service] [main] iguration$LoadBalancerCaffeineWarnLogger : Spring Cloud LoadBalancer is currently working with the default cache. While this cache implementation is useful for development and tests, it's recommended to use Caffeine cache in production.You can switch to using Caffeine cache, by adding it and org.springframework.cache.caffeine.CaffeineCacheManager to the classpath.
2026-06-02T17:24:55.444+05:30  INFO 10441 --- [product-service] [main] o.s.b.a.e.web.EndpointLinksResolver      : Exposing 25 endpoints beneath base path '/actuator'
2026-06-02T17:24:55.489+05:30  INFO 10441 --- [product-service] [main] o.s.i.endpoint.EventDrivenConsumer       : Adding {logging-channel-adapter:_org.springframework.integration.errorLogger} as a subscriber to the 'errorChannel' channel
2026-06-02T17:24:55.489+05:30  INFO 10441 --- [product-service] [main] o.s.i.channel.PublishSubscribeChannel    : Channel 'product-service.errorChannel' has 1 subscriber(s).
2026-06-02T17:24:55.489+05:30  INFO 10441 --- [product-service] [main] o.s.i.endpoint.EventDrivenConsumer       : started bean '_org.springframework.integration.errorLogger'
2026-06-02T17:24:55.510+05:30  INFO 10441 --- [product-service] [main] o.s.c.n.eureka.InstanceInfoFactory       : Setting initial instance status as: STARTING
2026-06-02T17:24:55.520+05:30  INFO 10441 --- [product-service] [main] com.netflix.discovery.DiscoveryClient    : Initializing Eureka in region us-east-1
2026-06-02T17:24:55.521+05:30  INFO 10441 --- [product-service] [main] c.n.d.s.r.aws.ConfigClusterResolver      : Resolving eureka endpoints via configuration
2026-06-02T17:24:55.525+05:30  INFO 10441 --- [product-service] [main] com.netflix.discovery.DiscoveryClient    : Disable delta property : false
2026-06-02T17:24:55.525+05:30  INFO 10441 --- [product-service] [main] com.netflix.discovery.DiscoveryClient    : Single vip registry refresh property : null
2026-06-02T17:24:55.525+05:30  INFO 10441 --- [product-service] [main] com.netflix.discovery.DiscoveryClient    : Force full registry fetch : false
2026-06-02T17:24:55.525+05:30  INFO 10441 --- [product-service] [main] com.netflix.discovery.DiscoveryClient    : Application is null : false
2026-06-02T17:24:55.525+05:30  INFO 10441 --- [product-service] [main] com.netflix.discovery.DiscoveryClient    : Registered Applications size is zero : true
2026-06-02T17:24:55.525+05:30  INFO 10441 --- [product-service] [main] com.netflix.discovery.DiscoveryClient    : Application version is -1: true
2026-06-02T17:24:55.525+05:30  INFO 10441 --- [product-service] [main] com.netflix.discovery.DiscoveryClient    : Getting all instance registry info from the eureka server
2026-06-02T17:24:55.660+05:30  INFO 10441 --- [product-service] [main] com.netflix.discovery.DiscoveryClient    : The response status is 200
2026-06-02T17:24:55.661+05:30  INFO 10441 --- [product-service] [main] com.netflix.discovery.DiscoveryClient    : Starting heartbeat executor: renew interval is: 30
2026-06-02T17:24:55.662+05:30  INFO 10441 --- [product-service] [main] c.n.discovery.InstanceInfoReplicator     : InstanceInfoReplicator onDemand update allowed rate per min is 4
2026-06-02T17:24:55.662+05:30  INFO 10441 --- [product-service] [main] com.netflix.discovery.DiscoveryClient    : Discovery Client initialized at timestamp 1780401295662 with initial instances count: 0
2026-06-02T17:24:55.665+05:30  INFO 10441 --- [product-service] [main] o.s.c.n.e.s.EurekaServiceRegistry        : Registering application PRODUCT-SERVICE with eureka with status UP
2026-06-02T17:24:55.665+05:30  INFO 10441 --- [product-service] [main] com.netflix.discovery.DiscoveryClient    : Saw local status change event StatusChangeEvent [timestamp=1780401295665, current=UP, previous=STARTING]
2026-06-02T17:24:55.665+05:30  INFO 10441 --- [product-service] [DiscoveryClient-InstanceInfoReplicator-%d] com.netflix.discovery.DiscoveryClient    : DiscoveryClient_PRODUCT-SERVICE/192.168.1.11:product-service:8081: registering service...
2026-06-02T17:24:55.666+05:30  INFO 10441 --- [product-service] [main] o.s.c.s.binder.DefaultBinderFactory      : Creating binder: rabbit
2026-06-02T17:24:55.666+05:30  INFO 10441 --- [product-service] [main] o.s.c.s.binder.DefaultBinderFactory      : Constructing binder child context for rabbit
2026-06-02T17:24:55.707+05:30  INFO 10441 --- [product-service] [DiscoveryClient-InstanceInfoReplicator-%d] com.netflix.discovery.DiscoveryClient    : DiscoveryClient_PRODUCT-SERVICE/192.168.1.11:product-service:8081 - registration status: 204
2026-06-02T17:24:55.708+05:30  INFO 10441 --- [product-service] [main] o.s.c.s.binder.DefaultBinderFactory      : Caching the binder: rabbit
2026-06-02T17:24:55.723+05:30  INFO 10441 --- [product-service] [main] c.s.b.r.p.RabbitExchangeQueueProvisioner : declaring queue for inbound: springCloudBus.anonymous.8GtBFQNWT2-u_Wvb9XVHBw, bound to: springCloudBus
2026-06-02T17:24:55.725+05:30  INFO 10441 --- [product-service] [main] o.s.a.r.c.CachingConnectionFactory       : Attempting to connect to: [localhost:5672]
2026-06-02T17:24:55.742+05:30  INFO 10441 --- [product-service] [main] o.s.a.r.c.CachingConnectionFactory       : Created new connection: rabbitConnectionFactory#517c30f:0/SimpleConnection@653d1d7c [delegate=amqp://guest@127.0.0.1:5672/, localPort=51404]
2026-06-02T17:24:55.767+05:30  INFO 10441 --- [product-service] [main] o.s.c.stream.binder.BinderErrorChannel   : Channel 'rabbit-456510757.springCloudBusInput.errors' has 1 subscriber(s).
2026-06-02T17:24:55.767+05:30  INFO 10441 --- [product-service] [main] o.s.c.stream.binder.BinderErrorChannel   : Channel 'rabbit-456510757.springCloudBusInput.errors' has 2 subscriber(s).
2026-06-02T17:24:55.777+05:30  INFO 10441 --- [product-service] [main] o.s.i.a.i.AmqpInboundChannelAdapter      : started bean 'inbound.springCloudBus.anonymous.8GtBFQNWT2-u_Wvb9XVHBw'
2026-06-02T17:24:55.783+05:30  INFO 10441 --- [product-service] [main] o.s.b.w.embedded.tomcat.TomcatWebServer  : Tomcat started on port 8081 (http) with context path '/'
2026-06-02T17:24:55.783+05:30  INFO 10441 --- [product-service] [main] .s.c.n.e.s.EurekaAutoServiceRegistration : Updating port to 8081
2026-06-02T17:24:55.814+05:30  INFO 10441 --- [product-service] [main] c.ecommerce.product.ProductApplication   : Started ProductApplication in 3.486 seconds (process running for 3.747)
2026-06-02T17:25:25.668+05:30  INFO 10441 --- [product-service] [DiscoveryClient-CacheRefreshExecutor-%d] com.netflix.discovery.DiscoveryClient    : Disable delta property : false
2026-06-02T17:25:25.670+05:30  INFO 10441 --- [product-service] [DiscoveryClient-CacheRefreshExecutor-%d] com.netflix.discovery.DiscoveryClient    : Single vip registry refresh property : null
2026-06-02T17:25:25.670+05:30  INFO 10441 --- [product-service] [DiscoveryClient-CacheRefreshExecutor-%d] com.netflix.discovery.DiscoveryClient    : Force full registry fetch : false
2026-06-02T17:25:25.671+05:30  INFO 10441 --- [product-service] [DiscoveryClient-CacheRefreshExecutor-%d] com.netflix.discovery.DiscoveryClient    : Application is null : false
2026-06-02T17:25:25.671+05:30  INFO 10441 --- [product-service] [DiscoveryClient-CacheRefreshExecutor-%d] com.netflix.discovery.DiscoveryClient    : Registered Applications size is zero : true
2026-06-02T17:25:25.671+05:30  INFO 10441 --- [product-service] [DiscoveryClient-CacheRefreshExecutor-%d] com.netflix.discovery.DiscoveryClient    : Application version is -1: false
2026-06-02T17:25:25.671+05:30  INFO 10441 --- [product-service] [DiscoveryClient-CacheRefreshExecutor-%d] com.netflix.discovery.DiscoveryClient    : Getting all instance registry info from the eureka server
2026-06-02T17:25:25.701+05:30  INFO 10441 --- [product-service] [DiscoveryClient-CacheRefreshExecutor-%d] com.netflix.discovery.DiscoveryClient    : The response status is 200
2026-06-02T17:26:55.807+05:30  INFO 10441 --- [product-service] [DiscoveryClient-HeartbeatExecutor-%d] com.netflix.discovery.DiscoveryClient    : DiscoveryClient_PRODUCT-SERVICE/192.168.1.11:product-service:8081 - Re-registering apps/PRODUCT-SERVICE
2026-06-02T17:26:55.807+05:30  INFO 10441 --- [product-service] [DiscoveryClient-HeartbeatExecutor-%d] com.netflix.discovery.DiscoveryClient    : DiscoveryClient_PRODUCT-SERVICE/192.168.1.11:product-service:8081: registering service...
2026-06-02T17:26:55.834+05:30  INFO 10441 --- [product-service] [DiscoveryClient-HeartbeatExecutor-%d] com.netflix.discovery.DiscoveryClient    : DiscoveryClient_PRODUCT-SERVICE/192.168.1.11:product-service:8081 - registration status: 204
2026-06-02T17:27:25.600+05:30  INFO 10441 --- [product-service] [SpringApplicationShutdownHook] o.s.c.n.e.s.EurekaServiceRegistry        : Unregistering application PRODUCT-SERVICE with eureka with status DOWN
2026-06-02T17:27:25.601+05:30  INFO 10441 --- [product-service] [SpringApplicationShutdownHook] com.netflix.discovery.DiscoveryClient    : Saw local status change event StatusChangeEvent [timestamp=1780401445601, current=DOWN, previous=UP]
2026-06-02T17:27:25.601+05:30  INFO 10441 --- [product-service] [DiscoveryClient-InstanceInfoReplicator-%d] com.netflix.discovery.DiscoveryClient    : DiscoveryClient_PRODUCT-SERVICE/192.168.1.11:product-service:8081: registering service...
2026-06-02T17:27:25.605+05:30  INFO 10441 --- [product-service] [DiscoveryClient-InstanceInfoReplicator-%d] com.netflix.discovery.DiscoveryClient    : DiscoveryClient_PRODUCT-SERVICE/192.168.1.11:product-service:8081 - registration status: 204
2026-06-02T17:27:25.607+05:30  INFO 10441 --- [product-service] [SpringApplicationShutdownHook] o.s.b.w.e.tomcat.GracefulShutdown        : Commencing graceful shutdown. Waiting for active requests to complete
2026-06-02T17:27:25.791+05:30  INFO 10441 --- [product-service] [DiscoveryClient-CacheRefreshExecutor-%d] com.netflix.discovery.DiscoveryClient    : Disable delta property : false
2026-06-02T17:27:25.791+05:30  INFO 10441 --- [product-service] [DiscoveryClient-CacheRefreshExecutor-%d] com.netflix.discovery.DiscoveryClient    : Single vip registry refresh property : null
2026-06-02T17:27:25.791+05:30  INFO 10441 --- [product-service] [DiscoveryClient-CacheRefreshExecutor-%d] com.netflix.discovery.DiscoveryClient    : Force full registry fetch : false
2026-06-02T17:27:25.791+05:30  INFO 10441 --- [product-service] [DiscoveryClient-CacheRefreshExecutor-%d] com.netflix.discovery.DiscoveryClient    : Application is null : false
2026-06-02T17:27:25.791+05:30  INFO 10441 --- [product-service] [DiscoveryClient-CacheRefreshExecutor-%d] com.netflix.discovery.DiscoveryClient    : Registered Applications size is zero : true
2026-06-02T17:27:25.791+05:30  INFO 10441 --- [product-service] [DiscoveryClient-CacheRefreshExecutor-%d] com.netflix.discovery.DiscoveryClient    : Application version is -1: false
2026-06-02T17:27:25.791+05:30  INFO 10441 --- [product-service] [DiscoveryClient-CacheRefreshExecutor-%d] com.netflix.discovery.DiscoveryClient    : Getting all instance registry info from the eureka server
2026-06-02T17:27:25.795+05:30  INFO 10441 --- [product-service] [DiscoveryClient-CacheRefreshExecutor-%d] com.netflix.discovery.DiscoveryClient    : The response status is 200
2026-06-02T17:27:27.612+05:30  INFO 10441 --- [product-service] [tomcat-shutdown] o.s.b.w.e.tomcat.GracefulShutdown        : Graceful shutdown complete
2026-06-02T17:27:27.620+05:30  INFO 10441 --- [product-service] [SpringApplicationShutdownHook] o.s.a.r.l.SimpleMessageListenerContainer : Waiting for workers to finish.
2026-06-02T17:27:28.300+05:30  INFO 10441 --- [product-service] [SpringApplicationShutdownHook] o.s.a.r.l.SimpleMessageListenerContainer : Successfully waited for workers to finish.
2026-06-02T17:27:28.301+05:30  INFO 10441 --- [product-service] [SpringApplicationShutdownHook] o.s.i.a.i.AmqpInboundChannelAdapter      : stopped bean 'inbound.springCloudBus.anonymous.8GtBFQNWT2-u_Wvb9XVHBw'
2026-06-02T17:27:28.308+05:30  INFO 10441 --- [product-service] [SpringApplicationShutdownHook] o.s.c.stream.binder.BinderErrorChannel   : Channel 'product-service.rabbit-456510757.springCloudBusInput.errors' has 1 subscriber(s).
2026-06-02T17:27:28.309+05:30  INFO 10441 --- [product-service] [SpringApplicationShutdownHook] o.s.c.stream.binder.BinderErrorChannel   : Channel 'product-service.rabbit-456510757.springCloudBusInput.errors' has 0 subscriber(s).
2026-06-02T17:27:28.323+05:30  INFO 10441 --- [product-service] [SpringApplicationShutdownHook] o.s.i.endpoint.EventDrivenConsumer       : Removing {logging-channel-adapter:_org.springframework.integration.errorLogger} as a subscriber to the 'errorChannel' channel
2026-06-02T17:27:28.323+05:30  INFO 10441 --- [product-service] [SpringApplicationShutdownHook] o.s.i.channel.PublishSubscribeChannel    : Channel 'product-service.errorChannel' has 0 subscriber(s).
2026-06-02T17:27:28.324+05:30  INFO 10441 --- [product-service] [SpringApplicationShutdownHook] o.s.i.endpoint.EventDrivenConsumer       : stopped bean '_org.springframework.integration.errorLogger'
2026-06-02T17:27:28.329+05:30  INFO 10441 --- [product-service] [SpringApplicationShutdownHook] j.LocalContainerEntityManagerFactoryBean : Closing JPA EntityManagerFactory for persistence unit 'default'
2026-06-02T17:27:28.330+05:30  INFO 10441 --- [product-service] [SpringApplicationShutdownHook] com.zaxxer.hikari.HikariDataSource       : HikariPool-1 - Shutdown initiated...
2026-06-02T17:27:28.332+05:30  INFO 10441 --- [product-service] [SpringApplicationShutdownHook] com.zaxxer.hikari.HikariDataSource       : HikariPool-1 - Shutdown completed.
2026-06-02T17:27:28.332+05:30  INFO 10441 --- [product-service] [SpringApplicationShutdownHook] com.netflix.discovery.DiscoveryClient    : Shutting down DiscoveryClient ...
2026-06-02T17:27:31.337+05:30  INFO 10441 --- [product-service] [SpringApplicationShutdownHook] com.netflix.discovery.DiscoveryClient    : Unregistering ...
2026-06-02T17:27:31.344+05:30  INFO 10441 --- [product-service] [SpringApplicationShutdownHook] com.netflix.discovery.DiscoveryClient    : DiscoveryClient_PRODUCT-SERVICE/192.168.1.11:product-service:8081 - deregister  status: 200
2026-06-02T17:27:31.344+05:30  INFO 10441 --- [product-service] [SpringApplicationShutdownHook] com.netflix.discovery.DiscoveryClient    : Completed shut down of DiscoveryClient
2026-06-02T17:27:32.671+05:30  INFO 10718 --- [product-service] [main] c.ecommerce.product.ProductApplication   : Starting ProductApplication using Java 21.0.9 with PID 10718 (/Users/ajha/Desktop/E-Comm Microservice/product/target/classes started by ajha in /Users/ajha/Desktop/E-Comm Microservice)
2026-06-02T17:27:32.672+05:30  INFO 10718 --- [product-service] [main] c.ecommerce.product.ProductApplication   : No active profile set, falling back to 1 default profile: "default"
2026-06-02T17:27:32.688+05:30  INFO 10718 --- [product-service] [main] o.s.c.c.c.ConfigServerConfigDataLoader   : Fetching config from server at : http://localhost:8888
2026-06-02T17:27:32.688+05:30  INFO 10718 --- [product-service] [main] o.s.c.c.c.ConfigServerConfigDataLoader   : Located environment: name=product-service, profiles=[default], label=null, version=null, state=null
2026-06-02T17:27:33.094+05:30  INFO 10718 --- [product-service] [main] .s.d.r.c.RepositoryConfigurationDelegate : Bootstrapping Spring Data JPA repositories in DEFAULT mode.
2026-06-02T17:27:33.151+05:30  INFO 10718 --- [product-service] [main] .s.d.r.c.RepositoryConfigurationDelegate : Finished Spring Data repository scanning in 52 ms. Found 1 JPA repository interface.
2026-06-02T17:27:33.221+05:30  INFO 10718 --- [product-service] [main] faultConfiguringBeanFactoryPostProcessor : No bean named 'errorChannel' has been explicitly defined. Therefore, a default PublishSubscribeChannel will be created.
2026-06-02T17:27:33.226+05:30  INFO 10718 --- [product-service] [main] faultConfiguringBeanFactoryPostProcessor : No bean named 'integrationHeaderChannelRegistry' has been explicitly defined. Therefore, a default DefaultHeaderChannelRegistry will be created.
2026-06-02T17:27:33.265+05:30  INFO 10718 --- [product-service] [main] o.s.cloud.context.scope.GenericScope     : BeanFactory id=6766a1f9-7a1f-3422-ade8-51c2b4177421
2026-06-02T17:27:33.443+05:30  INFO 10718 --- [product-service] [main] o.s.b.w.embedded.tomcat.TomcatWebServer  : Tomcat initialized with port 8081 (http)
2026-06-02T17:27:33.448+05:30  INFO 10718 --- [product-service] [main] o.apache.catalina.core.StandardService   : Starting service [Tomcat]
2026-06-02T17:27:33.448+05:30  INFO 10718 --- [product-service] [main] o.apache.catalina.core.StandardEngine    : Starting Servlet engine: [Apache Tomcat/10.1.41]
2026-06-02T17:27:33.471+05:30  INFO 10718 --- [product-service] [main] o.a.c.c.C.[Tomcat].[localhost].[/]       : Initializing Spring embedded WebApplicationContext
2026-06-02T17:27:33.471+05:30  INFO 10718 --- [product-service] [main] w.s.c.ServletWebServerApplicationContext : Root WebApplicationContext: initialization completed in 782 ms
2026-06-02T17:27:33.586+05:30  INFO 10718 --- [product-service] [main] o.hibernate.jpa.internal.util.LogHelper  : HHH000204: Processing PersistenceUnitInfo [name: default]
2026-06-02T17:27:33.604+05:30  INFO 10718 --- [product-service] [main] org.hibernate.Version                    : HHH000412: Hibernate ORM core version 6.6.15.Final
2026-06-02T17:27:33.614+05:30  INFO 10718 --- [product-service] [main] o.h.c.internal.RegionFactoryInitiator    : HHH000026: Second-level cache disabled
2026-06-02T17:27:33.697+05:30  INFO 10718 --- [product-service] [main] o.s.o.j.p.SpringPersistenceUnitInfo      : No LoadTimeWeaver setup: ignoring JPA class transformer
2026-06-02T17:27:33.706+05:30  INFO 10718 --- [product-service] [main] com.zaxxer.hikari.HikariDataSource       : HikariPool-1 - Starting...
2026-06-02T17:27:33.762+05:30  INFO 10718 --- [product-service] [main] com.zaxxer.hikari.pool.HikariPool        : HikariPool-1 - Added connection org.postgresql.jdbc.PgConnection@2b441609
2026-06-02T17:27:33.762+05:30  INFO 10718 --- [product-service] [main] com.zaxxer.hikari.HikariDataSource       : HikariPool-1 - Start completed.
2026-06-02T17:27:33.775+05:30  WARN 10718 --- [product-service] [main] org.hibernate.orm.deprecation            : HHH90000025: PostgreSQLDialect does not need to be specified explicitly using 'hibernate.dialect' (remove the property setting and it will be selected by default)
2026-06-02T17:27:33.782+05:30  INFO 10718 --- [product-service] [main] org.hibernate.orm.connections.pooling    : HHH10001005: Database info:
	Database JDBC URL [Connecting through datasource 'HikariDataSource (HikariPool-1)']
	Database driver: undefined/unknown
	Database version: 14.23
	Autocommit mode: undefined/unknown
	Isolation level: undefined/unknown
	Minimum pool size: undefined/unknown
	Maximum pool size: undefined/unknown
2026-06-02T17:27:34.082+05:30  INFO 10718 --- [product-service] [main] o.h.e.t.j.p.i.JtaPlatformInitiator       : HHH000489: No JTA platform available (set 'hibernate.transaction.jta.platform' to enable JTA platform integration)
2026-06-02T17:27:34.103+05:30  INFO 10718 --- [product-service] [main] j.LocalContainerEntityManagerFactoryBean : Initialized JPA EntityManagerFactory for persistence unit 'default'
2026-06-02T17:27:34.187+05:30  INFO 10718 --- [product-service] [main] o.s.d.j.r.query.QueryEnhancerFactory     : Hibernate is in classpath; If applicable, HQL parser will be used.
2026-06-02T17:27:34.783+05:30  WARN 10718 --- [product-service] [main] JpaBaseConfiguration$JpaWebConfiguration : spring.jpa.open-in-view is enabled by default. Therefore, database queries may be performed during view rendering. Explicitly configure spring.jpa.open-in-view to disable this warning
2026-06-02T17:27:35.073+05:30  INFO 10718 --- [product-service] [main] o.s.c.s.m.DirectWithAttributesChannel    : Channel 'product-service.springCloudBusInput' has 1 subscriber(s).
2026-06-02T17:27:35.143+05:30  INFO 10718 --- [product-service] [main] DiscoveryClientOptionalArgsConfiguration : Eureka HTTP Client uses RestTemplate.
2026-06-02T17:27:35.159+05:30  WARN 10718 --- [product-service] [main] iguration$LoadBalancerCaffeineWarnLogger : Spring Cloud LoadBalancer is currently working with the default cache. While this cache implementation is useful for development and tests, it's recommended to use Caffeine cache in production.You can switch to using Caffeine cache, by adding it and org.springframework.cache.caffeine.CaffeineCacheManager to the classpath.
2026-06-02T17:27:35.163+05:30  INFO 10718 --- [product-service] [main] o.s.b.a.e.web.EndpointLinksResolver      : Exposing 25 endpoints beneath base path '/actuator'
2026-06-02T17:27:35.208+05:30  INFO 10718 --- [product-service] [main] o.s.i.endpoint.EventDrivenConsumer       : Adding {logging-channel-adapter:_org.springframework.integration.errorLogger} as a subscriber to the 'errorChannel' channel
2026-06-02T17:27:35.209+05:30  INFO 10718 --- [product-service] [main] o.s.i.channel.PublishSubscribeChannel    : Channel 'product-service.errorChannel' has 1 subscriber(s).
2026-06-02T17:27:35.209+05:30  INFO 10718 --- [product-service] [main] o.s.i.endpoint.EventDrivenConsumer       : started bean '_org.springframework.integration.errorLogger'
2026-06-02T17:27:35.229+05:30  INFO 10718 --- [product-service] [main] o.s.c.n.eureka.InstanceInfoFactory       : Setting initial instance status as: STARTING
2026-06-02T17:27:35.237+05:30  INFO 10718 --- [product-service] [main] com.netflix.discovery.DiscoveryClient    : Initializing Eureka in region us-east-1
2026-06-02T17:27:35.238+05:30  INFO 10718 --- [product-service] [main] c.n.d.s.r.aws.ConfigClusterResolver      : Resolving eureka endpoints via configuration
2026-06-02T17:27:35.241+05:30  INFO 10718 --- [product-service] [main] com.netflix.discovery.DiscoveryClient    : Disable delta property : false
2026-06-02T17:27:35.241+05:30  INFO 10718 --- [product-service] [main] com.netflix.discovery.DiscoveryClient    : Single vip registry refresh property : null
2026-06-02T17:27:35.241+05:30  INFO 10718 --- [product-service] [main] com.netflix.discovery.DiscoveryClient    : Force full registry fetch : false
2026-06-02T17:27:35.241+05:30  INFO 10718 --- [product-service] [main] com.netflix.discovery.DiscoveryClient    : Application is null : false
2026-06-02T17:27:35.241+05:30  INFO 10718 --- [product-service] [main] com.netflix.discovery.DiscoveryClient    : Registered Applications size is zero : true
2026-06-02T17:27:35.241+05:30  INFO 10718 --- [product-service] [main] com.netflix.discovery.DiscoveryClient    : Application version is -1: true
2026-06-02T17:27:35.241+05:30  INFO 10718 --- [product-service] [main] com.netflix.discovery.DiscoveryClient    : Getting all instance registry info from the eureka server
2026-06-02T17:27:35.321+05:30  INFO 10718 --- [product-service] [main] com.netflix.discovery.DiscoveryClient    : The response status is 200
2026-06-02T17:27:35.322+05:30  INFO 10718 --- [product-service] [main] com.netflix.discovery.DiscoveryClient    : Starting heartbeat executor: renew interval is: 30
2026-06-02T17:27:35.323+05:30  INFO 10718 --- [product-service] [main] c.n.discovery.InstanceInfoReplicator     : InstanceInfoReplicator onDemand update allowed rate per min is 4
2026-06-02T17:27:35.323+05:30  INFO 10718 --- [product-service] [main] com.netflix.discovery.DiscoveryClient    : Discovery Client initialized at timestamp 1780401455323 with initial instances count: 3
2026-06-02T17:27:35.325+05:30  INFO 10718 --- [product-service] [main] o.s.c.n.e.s.EurekaServiceRegistry        : Registering application PRODUCT-SERVICE with eureka with status UP
2026-06-02T17:27:35.326+05:30  INFO 10718 --- [product-service] [main] com.netflix.discovery.DiscoveryClient    : Saw local status change event StatusChangeEvent [timestamp=1780401455326, current=UP, previous=STARTING]
2026-06-02T17:27:35.326+05:30  INFO 10718 --- [product-service] [DiscoveryClient-InstanceInfoReplicator-%d] com.netflix.discovery.DiscoveryClient    : DiscoveryClient_PRODUCT-SERVICE/192.168.1.11:product-service:8081: registering service...
2026-06-02T17:27:35.327+05:30  INFO 10718 --- [product-service] [main] o.s.c.s.binder.DefaultBinderFactory      : Creating binder: rabbit
2026-06-02T17:27:35.327+05:30  INFO 10718 --- [product-service] [main] o.s.c.s.binder.DefaultBinderFactory      : Constructing binder child context for rabbit
2026-06-02T17:27:35.344+05:30  INFO 10718 --- [product-service] [DiscoveryClient-InstanceInfoReplicator-%d] com.netflix.discovery.DiscoveryClient    : DiscoveryClient_PRODUCT-SERVICE/192.168.1.11:product-service:8081 - registration status: 204
2026-06-02T17:27:35.374+05:30  INFO 10718 --- [product-service] [main] o.s.c.s.binder.DefaultBinderFactory      : Caching the binder: rabbit
2026-06-02T17:27:35.387+05:30  INFO 10718 --- [product-service] [main] c.s.b.r.p.RabbitExchangeQueueProvisioner : declaring queue for inbound: springCloudBus.anonymous.LqddApeiSWKa5RIyitQKnw, bound to: springCloudBus
2026-06-02T17:27:35.389+05:30  INFO 10718 --- [product-service] [main] o.s.a.r.c.CachingConnectionFactory       : Attempting to connect to: [localhost:5672]
2026-06-02T17:27:35.405+05:30  INFO 10718 --- [product-service] [main] o.s.a.r.c.CachingConnectionFactory       : Created new connection: rabbitConnectionFactory#5e38fba9:0/SimpleConnection@44c3a4c2 [delegate=amqp://guest@127.0.0.1:5672/, localPort=51764]
2026-06-02T17:27:35.427+05:30  INFO 10718 --- [product-service] [main] o.s.c.stream.binder.BinderErrorChannel   : Channel 'rabbit-685391537.springCloudBusInput.errors' has 1 subscriber(s).
2026-06-02T17:27:35.428+05:30  INFO 10718 --- [product-service] [main] o.s.c.stream.binder.BinderErrorChannel   : Channel 'rabbit-685391537.springCloudBusInput.errors' has 2 subscriber(s).
2026-06-02T17:27:35.435+05:30  INFO 10718 --- [product-service] [main] o.s.i.a.i.AmqpInboundChannelAdapter      : started bean 'inbound.springCloudBus.anonymous.LqddApeiSWKa5RIyitQKnw'
2026-06-02T17:27:35.441+05:30  INFO 10718 --- [product-service] [main] o.s.b.w.embedded.tomcat.TomcatWebServer  : Tomcat started on port 8081 (http) with context path '/'
2026-06-02T17:27:35.441+05:30  INFO 10718 --- [product-service] [main] .s.c.n.e.s.EurekaAutoServiceRegistration : Updating port to 8081
2026-06-02T17:27:35.468+05:30  INFO 10718 --- [product-service] [main] c.ecommerce.product.ProductApplication   : Started ProductApplication in 3.215 seconds (process running for 3.466)
2026-06-02T17:32:35.251+05:30  INFO 10718 --- [product-service] [AsyncResolver-bootstrap-executor-%d] c.n.d.s.r.aws.ConfigClusterResolver      : Resolving eureka endpoints via configuration
2026-06-02T17:37:35.262+05:30  INFO 10718 --- [product-service] [AsyncResolver-bootstrap-executor-%d] c.n.d.s.r.aws.ConfigClusterResolver      : Resolving eureka endpoints via configuration
2026-06-02T17:42:35.271+05:30  INFO 10718 --- [product-service] [AsyncResolver-bootstrap-executor-%d] c.n.d.s.r.aws.ConfigClusterResolver      : Resolving eureka endpoints via configuration
2026-06-02T17:47:35.290+05:30  INFO 10718 --- [product-service] [AsyncResolver-bootstrap-executor-%d] c.n.d.s.r.aws.ConfigClusterResolver      : Resolving eureka endpoints via configuration
2026-06-02T17:52:35.310+05:30  INFO 10718 --- [product-service] [AsyncResolver-bootstrap-executor-%d] c.n.d.s.r.aws.ConfigClusterResolver      : Resolving eureka endpoints via configuration
2026-06-02T17:55:36.151+05:30  INFO 10718 --- [product-service] [DiscoveryClient-HeartbeatExecutor-%d] com.netflix.discovery.DiscoveryClient    : DiscoveryClient_PRODUCT-SERVICE/192.168.1.11:product-service:8081 - Re-registering apps/PRODUCT-SERVICE
2026-06-02T17:55:36.152+05:30  INFO 10718 --- [product-service] [DiscoveryClient-HeartbeatExecutor-%d] com.netflix.discovery.DiscoveryClient    : DiscoveryClient_PRODUCT-SERVICE/192.168.1.11:product-service:8081: registering service...
2026-06-02T17:55:36.158+05:30  INFO 10718 --- [product-service] [DiscoveryClient-HeartbeatExecutor-%d] com.netflix.discovery.DiscoveryClient    : DiscoveryClient_PRODUCT-SERVICE/192.168.1.11:product-service:8081 - registration status: 204
2026-06-02T17:56:14.139+05:30  INFO 10718 --- [product-service] [SpringApplicationShutdownHook] o.s.c.n.e.s.EurekaServiceRegistry        : Unregistering application PRODUCT-SERVICE with eureka with status DOWN
2026-06-02T17:56:14.140+05:30  INFO 10718 --- [product-service] [SpringApplicationShutdownHook] com.netflix.discovery.DiscoveryClient    : Saw local status change event StatusChangeEvent [timestamp=1780403174139, current=DOWN, previous=UP]
2026-06-02T17:56:14.140+05:30  INFO 10718 --- [product-service] [DiscoveryClient-InstanceInfoReplicator-%d] com.netflix.discovery.DiscoveryClient    : DiscoveryClient_PRODUCT-SERVICE/192.168.1.11:product-service:8081: registering service...
2026-06-02T17:56:14.144+05:30  INFO 10718 --- [product-service] [SpringApplicationShutdownHook] o.s.b.w.e.tomcat.GracefulShutdown        : Commencing graceful shutdown. Waiting for active requests to complete
2026-06-02T17:56:14.145+05:30  INFO 10718 --- [product-service] [DiscoveryClient-InstanceInfoReplicator-%d] com.netflix.discovery.DiscoveryClient    : DiscoveryClient_PRODUCT-SERVICE/192.168.1.11:product-service:8081 - registration status: 204
2026-06-02T17:56:16.151+05:30  INFO 10718 --- [product-service] [tomcat-shutdown] o.s.b.w.e.tomcat.GracefulShutdown        : Graceful shutdown complete
2026-06-02T17:56:16.164+05:30  INFO 10718 --- [product-service] [SpringApplicationShutdownHook] o.s.a.r.l.SimpleMessageListenerContainer : Waiting for workers to finish.
2026-06-02T17:56:16.269+05:30  INFO 10718 --- [product-service] [SpringApplicationShutdownHook] o.s.a.r.l.SimpleMessageListenerContainer : Successfully waited for workers to finish.
2026-06-02T17:56:16.271+05:30  INFO 10718 --- [product-service] [SpringApplicationShutdownHook] o.s.i.a.i.AmqpInboundChannelAdapter      : stopped bean 'inbound.springCloudBus.anonymous.LqddApeiSWKa5RIyitQKnw'
2026-06-02T17:56:16.280+05:30  INFO 10718 --- [product-service] [SpringApplicationShutdownHook] o.s.c.stream.binder.BinderErrorChannel   : Channel 'product-service.rabbit-685391537.springCloudBusInput.errors' has 1 subscriber(s).
2026-06-02T17:56:16.281+05:30  INFO 10718 --- [product-service] [SpringApplicationShutdownHook] o.s.c.stream.binder.BinderErrorChannel   : Channel 'product-service.rabbit-685391537.springCloudBusInput.errors' has 0 subscriber(s).
2026-06-02T17:56:16.301+05:30  INFO 10718 --- [product-service] [SpringApplicationShutdownHook] o.s.i.endpoint.EventDrivenConsumer       : Removing {logging-channel-adapter:_org.springframework.integration.errorLogger} as a subscriber to the 'errorChannel' channel
2026-06-02T17:56:16.302+05:30  INFO 10718 --- [product-service] [SpringApplicationShutdownHook] o.s.i.channel.PublishSubscribeChannel    : Channel 'product-service.errorChannel' has 0 subscriber(s).
2026-06-02T17:56:16.302+05:30  INFO 10718 --- [product-service] [SpringApplicationShutdownHook] o.s.i.endpoint.EventDrivenConsumer       : stopped bean '_org.springframework.integration.errorLogger'
2026-06-02T17:56:16.308+05:30  INFO 10718 --- [product-service] [SpringApplicationShutdownHook] j.LocalContainerEntityManagerFactoryBean : Closing JPA EntityManagerFactory for persistence unit 'default'
2026-06-02T17:56:16.309+05:30  INFO 10718 --- [product-service] [SpringApplicationShutdownHook] com.zaxxer.hikari.HikariDataSource       : HikariPool-1 - Shutdown initiated...
2026-06-02T17:56:16.310+05:30  INFO 10718 --- [product-service] [SpringApplicationShutdownHook] com.zaxxer.hikari.HikariDataSource       : HikariPool-1 - Shutdown completed.
2026-06-02T17:56:16.310+05:30  INFO 10718 --- [product-service] [SpringApplicationShutdownHook] com.netflix.discovery.DiscoveryClient    : Shutting down DiscoveryClient ...
2026-06-02T17:56:19.314+05:30  INFO 10718 --- [product-service] [SpringApplicationShutdownHook] com.netflix.discovery.DiscoveryClient    : Unregistering ...
2026-06-02T17:56:19.325+05:30  INFO 10718 --- [product-service] [SpringApplicationShutdownHook] com.netflix.discovery.DiscoveryClient    : DiscoveryClient_PRODUCT-SERVICE/192.168.1.11:product-service:8081 - deregister  status: 200
2026-06-02T17:56:19.326+05:30  INFO 10718 --- [product-service] [SpringApplicationShutdownHook] com.netflix.discovery.DiscoveryClient    : Completed shut down of DiscoveryClient
2026-06-02T17:56:20.707+05:30  INFO 15851 --- [product-service] [main] c.ecommerce.product.ProductApplication   : Starting ProductApplication using Java 21.0.9 with PID 15851 (/Users/ajha/Desktop/E-Comm Microservice/product/target/classes started by ajha in /Users/ajha/Desktop/E-Comm Microservice)
2026-06-02T17:56:20.708+05:30  INFO 15851 --- [product-service] [main] c.ecommerce.product.ProductApplication   : No active profile set, falling back to 1 default profile: "default"
2026-06-02T17:56:20.720+05:30  INFO 15851 --- [product-service] [main] o.s.c.c.c.ConfigServerConfigDataLoader   : Fetching config from server at : http://localhost:8888
2026-06-02T17:56:20.720+05:30  INFO 15851 --- [product-service] [main] o.s.c.c.c.ConfigServerConfigDataLoader   : Located environment: name=product-service, profiles=[default], label=null, version=null, state=null
2026-06-02T17:56:21.125+05:30  INFO 15851 --- [product-service] [main] .s.d.r.c.RepositoryConfigurationDelegate : Bootstrapping Spring Data JPA repositories in DEFAULT mode.
2026-06-02T17:56:21.179+05:30  INFO 15851 --- [product-service] [main] .s.d.r.c.RepositoryConfigurationDelegate : Finished Spring Data repository scanning in 50 ms. Found 1 JPA repository interface.
2026-06-02T17:56:21.245+05:30  INFO 15851 --- [product-service] [main] faultConfiguringBeanFactoryPostProcessor : No bean named 'errorChannel' has been explicitly defined. Therefore, a default PublishSubscribeChannel will be created.
2026-06-02T17:56:21.251+05:30  INFO 15851 --- [product-service] [main] faultConfiguringBeanFactoryPostProcessor : No bean named 'integrationHeaderChannelRegistry' has been explicitly defined. Therefore, a default DefaultHeaderChannelRegistry will be created.
2026-06-02T17:56:21.291+05:30  INFO 15851 --- [product-service] [main] o.s.cloud.context.scope.GenericScope     : BeanFactory id=6766a1f9-7a1f-3422-ade8-51c2b4177421
2026-06-02T17:56:21.470+05:30  INFO 15851 --- [product-service] [main] o.s.b.w.embedded.tomcat.TomcatWebServer  : Tomcat initialized with port 8081 (http)
2026-06-02T17:56:21.475+05:30  INFO 15851 --- [product-service] [main] o.apache.catalina.core.StandardService   : Starting service [Tomcat]
2026-06-02T17:56:21.475+05:30  INFO 15851 --- [product-service] [main] o.apache.catalina.core.StandardEngine    : Starting Servlet engine: [Apache Tomcat/10.1.41]
2026-06-02T17:56:21.497+05:30  INFO 15851 --- [product-service] [main] o.a.c.c.C.[Tomcat].[localhost].[/]       : Initializing Spring embedded WebApplicationContext
2026-06-02T17:56:21.497+05:30  INFO 15851 --- [product-service] [main] w.s.c.ServletWebServerApplicationContext : Root WebApplicationContext: initialization completed in 776 ms
2026-06-02T17:56:21.612+05:30  INFO 15851 --- [product-service] [main] o.hibernate.jpa.internal.util.LogHelper  : HHH000204: Processing PersistenceUnitInfo [name: default]
2026-06-02T17:56:21.629+05:30  INFO 15851 --- [product-service] [main] org.hibernate.Version                    : HHH000412: Hibernate ORM core version 6.6.15.Final
2026-06-02T17:56:21.639+05:30  INFO 15851 --- [product-service] [main] o.h.c.internal.RegionFactoryInitiator    : HHH000026: Second-level cache disabled
2026-06-02T17:56:21.722+05:30  INFO 15851 --- [product-service] [main] o.s.o.j.p.SpringPersistenceUnitInfo      : No LoadTimeWeaver setup: ignoring JPA class transformer
2026-06-02T17:56:21.732+05:30  INFO 15851 --- [product-service] [main] com.zaxxer.hikari.HikariDataSource       : HikariPool-1 - Starting...
2026-06-02T17:56:21.811+05:30  INFO 15851 --- [product-service] [main] com.zaxxer.hikari.pool.HikariPool        : HikariPool-1 - Added connection org.postgresql.jdbc.PgConnection@2b441609
2026-06-02T17:56:21.812+05:30  INFO 15851 --- [product-service] [main] com.zaxxer.hikari.HikariDataSource       : HikariPool-1 - Start completed.
2026-06-02T17:56:21.827+05:30  WARN 15851 --- [product-service] [main] org.hibernate.orm.deprecation            : HHH90000025: PostgreSQLDialect does not need to be specified explicitly using 'hibernate.dialect' (remove the property setting and it will be selected by default)
2026-06-02T17:56:21.834+05:30  INFO 15851 --- [product-service] [main] org.hibernate.orm.connections.pooling    : HHH10001005: Database info:
	Database JDBC URL [Connecting through datasource 'HikariDataSource (HikariPool-1)']
	Database driver: undefined/unknown
	Database version: 14.23
	Autocommit mode: undefined/unknown
	Isolation level: undefined/unknown
	Minimum pool size: undefined/unknown
	Maximum pool size: undefined/unknown
2026-06-02T17:56:22.130+05:30  INFO 15851 --- [product-service] [main] o.h.e.t.j.p.i.JtaPlatformInitiator       : HHH000489: No JTA platform available (set 'hibernate.transaction.jta.platform' to enable JTA platform integration)
2026-06-02T17:56:22.152+05:30  INFO 15851 --- [product-service] [main] j.LocalContainerEntityManagerFactoryBean : Initialized JPA EntityManagerFactory for persistence unit 'default'
2026-06-02T17:56:22.237+05:30  INFO 15851 --- [product-service] [main] o.s.d.j.r.query.QueryEnhancerFactory     : Hibernate is in classpath; If applicable, HQL parser will be used.
2026-06-02T17:56:22.830+05:30  WARN 15851 --- [product-service] [main] JpaBaseConfiguration$JpaWebConfiguration : spring.jpa.open-in-view is enabled by default. Therefore, database queries may be performed during view rendering. Explicitly configure spring.jpa.open-in-view to disable this warning
2026-06-02T17:56:23.147+05:30  INFO 15851 --- [product-service] [main] o.s.c.s.m.DirectWithAttributesChannel    : Channel 'product-service.springCloudBusInput' has 1 subscriber(s).
2026-06-02T17:56:23.212+05:30  INFO 15851 --- [product-service] [main] DiscoveryClientOptionalArgsConfiguration : Eureka HTTP Client uses RestTemplate.
2026-06-02T17:56:23.227+05:30  WARN 15851 --- [product-service] [main] iguration$LoadBalancerCaffeineWarnLogger : Spring Cloud LoadBalancer is currently working with the default cache. While this cache implementation is useful for development and tests, it's recommended to use Caffeine cache in production.You can switch to using Caffeine cache, by adding it and org.springframework.cache.caffeine.CaffeineCacheManager to the classpath.
2026-06-02T17:56:23.230+05:30  INFO 15851 --- [product-service] [main] o.s.b.a.e.web.EndpointLinksResolver      : Exposing 25 endpoints beneath base path '/actuator'
2026-06-02T17:56:23.273+05:30  INFO 15851 --- [product-service] [main] o.s.i.endpoint.EventDrivenConsumer       : Adding {logging-channel-adapter:_org.springframework.integration.errorLogger} as a subscriber to the 'errorChannel' channel
2026-06-02T17:56:23.273+05:30  INFO 15851 --- [product-service] [main] o.s.i.channel.PublishSubscribeChannel    : Channel 'product-service.errorChannel' has 1 subscriber(s).
2026-06-02T17:56:23.273+05:30  INFO 15851 --- [product-service] [main] o.s.i.endpoint.EventDrivenConsumer       : started bean '_org.springframework.integration.errorLogger'
2026-06-02T17:56:23.294+05:30  INFO 15851 --- [product-service] [main] o.s.c.n.eureka.InstanceInfoFactory       : Setting initial instance status as: STARTING
2026-06-02T17:56:23.302+05:30  INFO 15851 --- [product-service] [main] com.netflix.discovery.DiscoveryClient    : Initializing Eureka in region us-east-1
2026-06-02T17:56:23.303+05:30  INFO 15851 --- [product-service] [main] c.n.d.s.r.aws.ConfigClusterResolver      : Resolving eureka endpoints via configuration
2026-06-02T17:56:23.306+05:30  INFO 15851 --- [product-service] [main] com.netflix.discovery.DiscoveryClient    : Disable delta property : false
2026-06-02T17:56:23.306+05:30  INFO 15851 --- [product-service] [main] com.netflix.discovery.DiscoveryClient    : Single vip registry refresh property : null
2026-06-02T17:56:23.306+05:30  INFO 15851 --- [product-service] [main] com.netflix.discovery.DiscoveryClient    : Force full registry fetch : false
2026-06-02T17:56:23.306+05:30  INFO 15851 --- [product-service] [main] com.netflix.discovery.DiscoveryClient    : Application is null : false
2026-06-02T17:56:23.306+05:30  INFO 15851 --- [product-service] [main] com.netflix.discovery.DiscoveryClient    : Registered Applications size is zero : true
2026-06-02T17:56:23.306+05:30  INFO 15851 --- [product-service] [main] com.netflix.discovery.DiscoveryClient    : Application version is -1: true
2026-06-02T17:56:23.306+05:30  INFO 15851 --- [product-service] [main] com.netflix.discovery.DiscoveryClient    : Getting all instance registry info from the eureka server
2026-06-02T17:56:23.394+05:30  INFO 15851 --- [product-service] [main] com.netflix.discovery.DiscoveryClient    : The response status is 200
2026-06-02T17:56:23.395+05:30  INFO 15851 --- [product-service] [main] com.netflix.discovery.DiscoveryClient    : Starting heartbeat executor: renew interval is: 30
2026-06-02T17:56:23.396+05:30  INFO 15851 --- [product-service] [main] c.n.discovery.InstanceInfoReplicator     : InstanceInfoReplicator onDemand update allowed rate per min is 4
2026-06-02T17:56:23.396+05:30  INFO 15851 --- [product-service] [main] com.netflix.discovery.DiscoveryClient    : Discovery Client initialized at timestamp 1780403183396 with initial instances count: 3
2026-06-02T17:56:23.398+05:30  INFO 15851 --- [product-service] [main] o.s.c.n.e.s.EurekaServiceRegistry        : Registering application PRODUCT-SERVICE with eureka with status UP
2026-06-02T17:56:23.398+05:30  INFO 15851 --- [product-service] [main] com.netflix.discovery.DiscoveryClient    : Saw local status change event StatusChangeEvent [timestamp=1780403183398, current=UP, previous=STARTING]
2026-06-02T17:56:23.399+05:30  INFO 15851 --- [product-service] [DiscoveryClient-InstanceInfoReplicator-%d] com.netflix.discovery.DiscoveryClient    : DiscoveryClient_PRODUCT-SERVICE/192.168.1.11:product-service:8081: registering service...
2026-06-02T17:56:23.399+05:30  INFO 15851 --- [product-service] [main] o.s.c.s.binder.DefaultBinderFactory      : Creating binder: rabbit
2026-06-02T17:56:23.399+05:30  INFO 15851 --- [product-service] [main] o.s.c.s.binder.DefaultBinderFactory      : Constructing binder child context for rabbit
2026-06-02T17:56:23.416+05:30  INFO 15851 --- [product-service] [DiscoveryClient-InstanceInfoReplicator-%d] com.netflix.discovery.DiscoveryClient    : DiscoveryClient_PRODUCT-SERVICE/192.168.1.11:product-service:8081 - registration status: 204
2026-06-02T17:56:23.440+05:30  INFO 15851 --- [product-service] [main] o.s.c.s.binder.DefaultBinderFactory      : Caching the binder: rabbit
2026-06-02T17:56:23.452+05:30  INFO 15851 --- [product-service] [main] c.s.b.r.p.RabbitExchangeQueueProvisioner : declaring queue for inbound: springCloudBus.anonymous.NTOhqcCuRg6QXKH_2eQNrA, bound to: springCloudBus
2026-06-02T17:56:23.455+05:30  INFO 15851 --- [product-service] [main] o.s.a.r.c.CachingConnectionFactory       : Attempting to connect to: [localhost:5672]
2026-06-02T17:56:23.476+05:30  INFO 15851 --- [product-service] [main] o.s.a.r.c.CachingConnectionFactory       : Created new connection: rabbitConnectionFactory#5e38fba9:0/SimpleConnection@21f7abc [delegate=amqp://guest@127.0.0.1:5672/, localPort=52719]
2026-06-02T17:56:23.499+05:30  INFO 15851 --- [product-service] [main] o.s.c.stream.binder.BinderErrorChannel   : Channel 'rabbit-354191117.springCloudBusInput.errors' has 1 subscriber(s).
2026-06-02T17:56:23.499+05:30  INFO 15851 --- [product-service] [main] o.s.c.stream.binder.BinderErrorChannel   : Channel 'rabbit-354191117.springCloudBusInput.errors' has 2 subscriber(s).
2026-06-02T17:56:23.506+05:30  INFO 15851 --- [product-service] [main] o.s.i.a.i.AmqpInboundChannelAdapter      : started bean 'inbound.springCloudBus.anonymous.NTOhqcCuRg6QXKH_2eQNrA'
2026-06-02T17:56:23.512+05:30  INFO 15851 --- [product-service] [main] o.s.b.w.embedded.tomcat.TomcatWebServer  : Tomcat started on port 8081 (http) with context path '/'
2026-06-02T17:56:23.512+05:30  INFO 15851 --- [product-service] [main] .s.c.n.e.s.EurekaAutoServiceRegistration : Updating port to 8081
2026-06-02T17:56:23.534+05:30  INFO 15851 --- [product-service] [main] c.ecommerce.product.ProductApplication   : Started ProductApplication in 3.164 seconds (process running for 3.397)
